{
  "0 debug pnpm:scope": {
    "selected": 1
  },
  "1 info pnpm": {
    "err": {
      "name": "Error",
      "message": "not found: playwright",
      "code": "ENOENT",
      "stack": "Error: not found: playwright\n    at getNotFoundError (/opt/homebrew/Cellar/pnpm/6.28.0/libexec/lib/node_modules/pnpm/dist/pnpm.cjs:41495:51)\n    at Function.whichSync [as sync] (/opt/homebrew/Cellar/pnpm/6.28.0/libexec/lib/node_modules/pnpm/dist/pnpm.cjs:41572:13)\n    at getCommandAbsolutePathSync (/opt/homebrew/Cellar/pnpm/6.28.0/libexec/lib/node_modules/pnpm/dist/pnpm.cjs:43137:44)\n    at default_1 (/opt/homebrew/Cellar/pnpm/6.28.0/libexec/lib/node_modules/pnpm/dist/pnpm.cjs:43146:32)\n    at /opt/homebrew/Cellar/pnpm/6.28.0/libexec/lib/node_modules/pnpm/dist/pnpm.cjs:177618:39"
    }
  },
  "2 error pnpm": {
    "code": "ERR_PNPM_RECURSIVE_EXEC_FIRST_FAIL",
    "prefix": "/Users/smsakthi99/working/blue/my-app2",
    "err": {
      "name": "pnpm",
      "message": "not found: playwright",
      "code": "ERR_PNPM_RECURSIVE_EXEC_FIRST_FAIL",
      "stack": "Error: not found: playwright\n    at getNotFoundError (/opt/homebrew/Cellar/pnpm/6.28.0/libexec/lib/node_modules/pnpm/dist/pnpm.cjs:41495:51)\n    at Function.whichSync [as sync] (/opt/homebrew/Cellar/pnpm/6.28.0/libexec/lib/node_modules/pnpm/dist/pnpm.cjs:41572:13)\n    at getCommandAbsolutePathSync (/opt/homebrew/Cellar/pnpm/6.28.0/libexec/lib/node_modules/pnpm/dist/pnpm.cjs:43137:44)\n    at default_1 (/opt/homebrew/Cellar/pnpm/6.28.0/libexec/lib/node_modules/pnpm/dist/pnpm.cjs:43146:32)\n    at /opt/homebrew/Cellar/pnpm/6.28.0/libexec/lib/node_modules/pnpm/dist/pnpm.cjs:177618:39"
    }
  }
}